2025-06-19 00:19:10,225 - INFO - Starting CloudScraper-based property image scraper
2025-06-19 00:19:10,226 - INFO - Images will be saved to: D:\FinalProjects\RealEstate\python_scripts\cloud_output
2025-06-19 00:19:10,232 - INFO - Successfully loaded 145 property listings from data_bds.csv
2025-06-19 00:19:10,262 - INFO - Starting to scrape 145 URLs
2025-06-19 00:19:10,272 - INFO - Scraping property: 34061984 - https://batdongsan.com.vn/ban-can-ho-chung-cu-duong-xa-lo-ha-noi-phuong-thao-dien-prj-masteri-thao-dien/chuyen-gia-re-nhat-thi-truong-tro-vay-80-lh-0936-721-723-mr-ai-pr34061984
2025-06-19 00:19:10,273 - INFO - Fetching URL (attempt 1/5): https://batdongsan.com.vn/ban-can-ho-chung-cu-duong-xa-lo-ha-noi-phuong-thao-dien-prj-masteri-thao-dien/chuyen-gia-re-nhat-thi-truong-tro-vay-80-lh-0936-721-723-mr-ai-pr34061984
2025-06-19 00:19:10,565 - WARNING - Attempt 1/5 failed for https://batdongsan.com.vn/ban-can-ho-chung-cu-duong-xa-lo-ha-noi-phuong-thao-dien-prj-masteri-thao-dien/chuyen-gia-re-nhat-thi-truong-tro-vay-80-lh-0936-721-723-mr-ai-pr34061984: 403 Client Error: Forbidden for url: https://batdongsan.com.vn/ban-can-ho-chung-cu-duong-xa-lo-ha-noi-phuong-thao-dien-prj-masteri-thao-dien/chuyen-gia-re-nhat-thi-truong-tro-vay-80-lh-0936-721-723-mr-ai-pr34061984. Retrying...
2025-06-19 00:19:10,567 - INFO - Fetching URL (attempt 2/5): https://batdongsan.com.vn/ban-can-ho-chung-cu-duong-xa-lo-ha-noi-phuong-thao-dien-prj-masteri-thao-dien/chuyen-gia-re-nhat-thi-truong-tro-vay-80-lh-0936-721-723-mr-ai-pr34061984
2025-06-19 00:19:10,568 - INFO - Waiting for 4.20s before retry...
2025-06-19 00:19:14,986 - WARNING - Attempt 2/5 failed for https://batdongsan.com.vn/ban-can-ho-chung-cu-duong-xa-lo-ha-noi-phuong-thao-dien-prj-masteri-thao-dien/chuyen-gia-re-nhat-thi-truong-tro-vay-80-lh-0936-721-723-mr-ai-pr34061984: 403 Client Error: Forbidden for url: https://batdongsan.com.vn/ban-can-ho-chung-cu-duong-xa-lo-ha-noi-phuong-thao-dien-prj-masteri-thao-dien/chuyen-gia-re-nhat-thi-truong-tro-vay-80-lh-0936-721-723-mr-ai-pr34061984. Retrying...
2025-06-19 00:19:14,987 - INFO - Fetching URL (attempt 3/5): https://batdongsan.com.vn/ban-can-ho-chung-cu-duong-xa-lo-ha-noi-phuong-thao-dien-prj-masteri-thao-dien/chuyen-gia-re-nhat-thi-truong-tro-vay-80-lh-0936-721-723-mr-ai-pr34061984
2025-06-19 00:19:14,988 - INFO - Waiting for 12.97s before retry...
2025-06-19 00:19:28,206 - WARNING - Attempt 3/5 failed for https://batdongsan.com.vn/ban-can-ho-chung-cu-duong-xa-lo-ha-noi-phuong-thao-dien-prj-masteri-thao-dien/chuyen-gia-re-nhat-thi-truong-tro-vay-80-lh-0936-721-723-mr-ai-pr34061984: 403 Client Error: Forbidden for url: https://batdongsan.com.vn/ban-can-ho-chung-cu-duong-xa-lo-ha-noi-phuong-thao-dien-prj-masteri-thao-dien/chuyen-gia-re-nhat-thi-truong-tro-vay-80-lh-0936-721-723-mr-ai-pr34061984. Retrying...
2025-06-19 00:19:28,207 - INFO - Fetching URL (attempt 4/5): https://batdongsan.com.vn/ban-can-ho-chung-cu-duong-xa-lo-ha-noi-phuong-thao-dien-prj-masteri-thao-dien/chuyen-gia-re-nhat-thi-truong-tro-vay-80-lh-0936-721-723-mr-ai-pr34061984
2025-06-19 00:19:28,208 - INFO - Waiting for 10.46s before retry...
2025-06-19 00:19:38,886 - WARNING - Attempt 4/5 failed for https://batdongsan.com.vn/ban-can-ho-chung-cu-duong-xa-lo-ha-noi-phuong-thao-dien-prj-masteri-thao-dien/chuyen-gia-re-nhat-thi-truong-tro-vay-80-lh-0936-721-723-mr-ai-pr34061984: 403 Client Error: Forbidden for url: https://batdongsan.com.vn/ban-can-ho-chung-cu-duong-xa-lo-ha-noi-phuong-thao-dien-prj-masteri-thao-dien/chuyen-gia-re-nhat-thi-truong-tro-vay-80-lh-0936-721-723-mr-ai-pr34061984. Retrying...
2025-06-19 00:19:38,886 - INFO - Fetching URL (attempt 5/5): https://batdongsan.com.vn/ban-can-ho-chung-cu-duong-xa-lo-ha-noi-phuong-thao-dien-prj-masteri-thao-dien/chuyen-gia-re-nhat-thi-truong-tro-vay-80-lh-0936-721-723-mr-ai-pr34061984
2025-06-19 00:19:38,887 - INFO - Waiting for 13.28s before retry...
2025-06-19 00:19:52,391 - ERROR - Failed to fetch https://batdongsan.com.vn/ban-can-ho-chung-cu-duong-xa-lo-ha-noi-phuong-thao-dien-prj-masteri-thao-dien/chuyen-gia-re-nhat-thi-truong-tro-vay-80-lh-0936-721-723-mr-ai-pr34061984 after 5 attempts: 403 Client Error: Forbidden for url: https://batdongsan.com.vn/ban-can-ho-chung-cu-duong-xa-lo-ha-noi-phuong-thao-dien-prj-masteri-thao-dien/chuyen-gia-re-nhat-thi-truong-tro-vay-80-lh-0936-721-723-mr-ai-pr34061984
2025-06-19 00:19:55,397 - INFO - Scraping property: 42979161 - https://batdongsan.com.vn/ban-can-ho-chung-cu-duong-n1-phuong-son-ky-prj-diamond-centery/em-thu-nhan-vien-cdt-chuyen-ro-hang-moi-ban-lai-celadon-city-a-c-biet-gia-va-chon-inbox-em-pr42979161
2025-06-19 00:19:55,407 - INFO - Fetching URL (attempt 1/5): https://batdongsan.com.vn/ban-can-ho-chung-cu-duong-n1-phuong-son-ky-prj-diamond-centery/em-thu-nhan-vien-cdt-chuyen-ro-hang-moi-ban-lai-celadon-city-a-c-biet-gia-va-chon-inbox-em-pr42979161
2025-06-19 00:19:55,614 - WARNING - Attempt 1/5 failed for https://batdongsan.com.vn/ban-can-ho-chung-cu-duong-n1-phuong-son-ky-prj-diamond-centery/em-thu-nhan-vien-cdt-chuyen-ro-hang-moi-ban-lai-celadon-city-a-c-biet-gia-va-chon-inbox-em-pr42979161: 403 Client Error: Forbidden for url: https://batdongsan.com.vn/ban-can-ho-chung-cu-duong-n1-phuong-son-ky-prj-diamond-centery/em-thu-nhan-vien-cdt-chuyen-ro-hang-moi-ban-lai-celadon-city-a-c-biet-gia-va-chon-inbox-em-pr42979161. Retrying...
2025-06-19 00:19:55,615 - INFO - Fetching URL (attempt 2/5): https://batdongsan.com.vn/ban-can-ho-chung-cu-duong-n1-phuong-son-ky-prj-diamond-centery/em-thu-nhan-vien-cdt-chuyen-ro-hang-moi-ban-lai-celadon-city-a-c-biet-gia-va-chon-inbox-em-pr42979161
2025-06-19 00:19:55,616 - INFO - Waiting for 4.28s before retry...
2025-06-19 00:20:00,081 - WARNING - Attempt 2/5 failed for https://batdongsan.com.vn/ban-can-ho-chung-cu-duong-n1-phuong-son-ky-prj-diamond-centery/em-thu-nhan-vien-cdt-chuyen-ro-hang-moi-ban-lai-celadon-city-a-c-biet-gia-va-chon-inbox-em-pr42979161: 403 Client Error: Forbidden for url: https://batdongsan.com.vn/ban-can-ho-chung-cu-duong-n1-phuong-son-ky-prj-diamond-centery/em-thu-nhan-vien-cdt-chuyen-ro-hang-moi-ban-lai-celadon-city-a-c-biet-gia-va-chon-inbox-em-pr42979161. Retrying...
2025-06-19 00:20:00,081 - INFO - Fetching URL (attempt 3/5): https://batdongsan.com.vn/ban-can-ho-chung-cu-duong-n1-phuong-son-ky-prj-diamond-centery/em-thu-nhan-vien-cdt-chuyen-ro-hang-moi-ban-lai-celadon-city-a-c-biet-gia-va-chon-inbox-em-pr42979161
2025-06-19 00:20:00,082 - INFO - Waiting for 14.99s before retry...
2025-06-19 00:20:15,314 - WARNING - Attempt 3/5 failed for https://batdongsan.com.vn/ban-can-ho-chung-cu-duong-n1-phuong-son-ky-prj-diamond-centery/em-thu-nhan-vien-cdt-chuyen-ro-hang-moi-ban-lai-celadon-city-a-c-biet-gia-va-chon-inbox-em-pr42979161: 403 Client Error: Forbidden for url: https://batdongsan.com.vn/ban-can-ho-chung-cu-duong-n1-phuong-son-ky-prj-diamond-centery/em-thu-nhan-vien-cdt-chuyen-ro-hang-moi-ban-lai-celadon-city-a-c-biet-gia-va-chon-inbox-em-pr42979161. Retrying...
2025-06-19 00:20:15,316 - INFO - Fetching URL (attempt 4/5): https://batdongsan.com.vn/ban-can-ho-chung-cu-duong-n1-phuong-son-ky-prj-diamond-centery/em-thu-nhan-vien-cdt-chuyen-ro-hang-moi-ban-lai-celadon-city-a-c-biet-gia-va-chon-inbox-em-pr42979161
2025-06-19 00:20:15,317 - INFO - Waiting for 18.19s before retry...
2025-06-19 00:20:33,752 - WARNING - Attempt 4/5 failed for https://batdongsan.com.vn/ban-can-ho-chung-cu-duong-n1-phuong-son-ky-prj-diamond-centery/em-thu-nhan-vien-cdt-chuyen-ro-hang-moi-ban-lai-celadon-city-a-c-biet-gia-va-chon-inbox-em-pr42979161: 403 Client Error: Forbidden for url: https://batdongsan.com.vn/ban-can-ho-chung-cu-duong-n1-phuong-son-ky-prj-diamond-centery/em-thu-nhan-vien-cdt-chuyen-ro-hang-moi-ban-lai-celadon-city-a-c-biet-gia-va-chon-inbox-em-pr42979161. Retrying...
2025-06-19 00:20:33,753 - INFO - Fetching URL (attempt 5/5): https://batdongsan.com.vn/ban-can-ho-chung-cu-duong-n1-phuong-son-ky-prj-diamond-centery/em-thu-nhan-vien-cdt-chuyen-ro-hang-moi-ban-lai-celadon-city-a-c-biet-gia-va-chon-inbox-em-pr42979161
2025-06-19 00:20:33,754 - INFO - Waiting for 17.38s before retry...
2025-06-19 00:20:51,405 - ERROR - Failed to fetch https://batdongsan.com.vn/ban-can-ho-chung-cu-duong-n1-phuong-son-ky-prj-diamond-centery/em-thu-nhan-vien-cdt-chuyen-ro-hang-moi-ban-lai-celadon-city-a-c-biet-gia-va-chon-inbox-em-pr42979161 after 5 attempts: 403 Client Error: Forbidden for url: https://batdongsan.com.vn/ban-can-ho-chung-cu-duong-n1-phuong-son-ky-prj-diamond-centery/em-thu-nhan-vien-cdt-chuyen-ro-hang-moi-ban-lai-celadon-city-a-c-biet-gia-va-chon-inbox-em-pr42979161
2025-06-19 00:20:54,410 - INFO - Scraping property: 42749757 - https://batdongsan.com.vn/ban-can-ho-chung-cu-phuong-long-thanh-my-prj-vinhomes-grand-park/-ban-gap-3pn-vinme-q9-view-song-tang-mat-gia-2-7-ty-re-nhat-thi-truong-pr42749757
2025-06-19 00:20:54,412 - INFO - Fetching URL (attempt 1/5): https://batdongsan.com.vn/ban-can-ho-chung-cu-phuong-long-thanh-my-prj-vinhomes-grand-park/-ban-gap-3pn-vinme-q9-view-song-tang-mat-gia-2-7-ty-re-nhat-thi-truong-pr42749757
2025-06-19 00:20:54,594 - WARNING - Attempt 1/5 failed for https://batdongsan.com.vn/ban-can-ho-chung-cu-phuong-long-thanh-my-prj-vinhomes-grand-park/-ban-gap-3pn-vinme-q9-view-song-tang-mat-gia-2-7-ty-re-nhat-thi-truong-pr42749757: 403 Client Error: Forbidden for url: https://batdongsan.com.vn/ban-can-ho-chung-cu-phuong-long-thanh-my-prj-vinhomes-grand-park/-ban-gap-3pn-vinme-q9-view-song-tang-mat-gia-2-7-ty-re-nhat-thi-truong-pr42749757. Retrying...
2025-06-19 00:20:54,595 - INFO - Fetching URL (attempt 2/5): https://batdongsan.com.vn/ban-can-ho-chung-cu-phuong-long-thanh-my-prj-vinhomes-grand-park/-ban-gap-3pn-vinme-q9-view-song-tang-mat-gia-2-7-ty-re-nhat-thi-truong-pr42749757
2025-06-19 00:20:54,596 - INFO - Waiting for 4.41s before retry...
2025-06-19 00:20:59,274 - WARNING - Attempt 2/5 failed for https://batdongsan.com.vn/ban-can-ho-chung-cu-phuong-long-thanh-my-prj-vinhomes-grand-park/-ban-gap-3pn-vinme-q9-view-song-tang-mat-gia-2-7-ty-re-nhat-thi-truong-pr42749757: 403 Client Error: Forbidden for url: https://batdongsan.com.vn/ban-can-ho-chung-cu-phuong-long-thanh-my-prj-vinhomes-grand-park/-ban-gap-3pn-vinme-q9-view-song-tang-mat-gia-2-7-ty-re-nhat-thi-truong-pr42749757. Retrying...
2025-06-19 00:20:59,276 - INFO - Fetching URL (attempt 3/5): https://batdongsan.com.vn/ban-can-ho-chung-cu-phuong-long-thanh-my-prj-vinhomes-grand-park/-ban-gap-3pn-vinme-q9-view-song-tang-mat-gia-2-7-ty-re-nhat-thi-truong-pr42749757
2025-06-19 00:20:59,277 - INFO - Waiting for 9.09s before retry...
2025-06-19 00:21:08,616 - WARNING - Attempt 3/5 failed for https://batdongsan.com.vn/ban-can-ho-chung-cu-phuong-long-thanh-my-prj-vinhomes-grand-park/-ban-gap-3pn-vinme-q9-view-song-tang-mat-gia-2-7-ty-re-nhat-thi-truong-pr42749757: 403 Client Error: Forbidden for url: https://batdongsan.com.vn/ban-can-ho-chung-cu-phuong-long-thanh-my-prj-vinhomes-grand-park/-ban-gap-3pn-vinme-q9-view-song-tang-mat-gia-2-7-ty-re-nhat-thi-truong-pr42749757. Retrying...
2025-06-19 00:21:08,617 - INFO - Fetching URL (attempt 4/5): https://batdongsan.com.vn/ban-can-ho-chung-cu-phuong-long-thanh-my-prj-vinhomes-grand-park/-ban-gap-3pn-vinme-q9-view-song-tang-mat-gia-2-7-ty-re-nhat-thi-truong-pr42749757
2025-06-19 00:21:08,618 - INFO - Waiting for 14.41s before retry...
2025-06-19 00:21:23,307 - WARNING - Attempt 4/5 failed for https://batdongsan.com.vn/ban-can-ho-chung-cu-phuong-long-thanh-my-prj-vinhomes-grand-park/-ban-gap-3pn-vinme-q9-view-song-tang-mat-gia-2-7-ty-re-nhat-thi-truong-pr42749757: 403 Client Error: Forbidden for url: https://batdongsan.com.vn/ban-can-ho-chung-cu-phuong-long-thanh-my-prj-vinhomes-grand-park/-ban-gap-3pn-vinme-q9-view-song-tang-mat-gia-2-7-ty-re-nhat-thi-truong-pr42749757. Retrying...
2025-06-19 00:21:23,308 - INFO - Fetching URL (attempt 5/5): https://batdongsan.com.vn/ban-can-ho-chung-cu-phuong-long-thanh-my-prj-vinhomes-grand-park/-ban-gap-3pn-vinme-q9-view-song-tang-mat-gia-2-7-ty-re-nhat-thi-truong-pr42749757
2025-06-19 00:21:23,309 - INFO - Waiting for 20.77s before retry...
2025-06-19 00:21:44,283 - ERROR - Failed to fetch https://batdongsan.com.vn/ban-can-ho-chung-cu-phuong-long-thanh-my-prj-vinhomes-grand-park/-ban-gap-3pn-vinme-q9-view-song-tang-mat-gia-2-7-ty-re-nhat-thi-truong-pr42749757 after 5 attempts: 403 Client Error: Forbidden for url: https://batdongsan.com.vn/ban-can-ho-chung-cu-phuong-long-thanh-my-prj-vinhomes-grand-park/-ban-gap-3pn-vinme-q9-view-song-tang-mat-gia-2-7-ty-re-nhat-thi-truong-pr42749757
2025-06-19 00:21:47,288 - INFO - Scraping property: 41384686 - https://batdongsan.com.vn/ban-dat-duong-389-phuong-hiep-binh-phuoc/-biet-thu-216-m2-hem-389-khu-van-phong-chinh-phu-sat-khu-do-thi-van-phuc-pr41384686
2025-06-19 00:21:47,297 - INFO - Fetching URL (attempt 1/5): https://batdongsan.com.vn/ban-dat-duong-389-phuong-hiep-binh-phuoc/-biet-thu-216-m2-hem-389-khu-van-phong-chinh-phu-sat-khu-do-thi-van-phuc-pr41384686
2025-06-19 00:21:47,527 - WARNING - Attempt 1/5 failed for https://batdongsan.com.vn/ban-dat-duong-389-phuong-hiep-binh-phuoc/-biet-thu-216-m2-hem-389-khu-van-phong-chinh-phu-sat-khu-do-thi-van-phuc-pr41384686: 403 Client Error: Forbidden for url: https://batdongsan.com.vn/ban-dat-duong-389-phuong-hiep-binh-phuoc/-biet-thu-216-m2-hem-389-khu-van-phong-chinh-phu-sat-khu-do-thi-van-phuc-pr41384686. Retrying...
2025-06-19 00:21:47,529 - INFO - Fetching URL (attempt 2/5): https://batdongsan.com.vn/ban-dat-duong-389-phuong-hiep-binh-phuoc/-biet-thu-216-m2-hem-389-khu-van-phong-chinh-phu-sat-khu-do-thi-van-phuc-pr41384686
2025-06-19 00:21:47,530 - INFO - Waiting for 8.62s before retry...
